# JRE version: Java(TM) SE Runtime Environment (8.0_171-b11) (build 1.8.0_171-b11)
# Java VM: Java HotSpot(TM) 64-Bit Server VM (25.171-b11 mixed mode windows-amd64 compressed oops)
Heap:
 PSYoungGen      total 160768K, used 76466K [0x00000000d5c00000, 0x00000000e3280000, 0x0000000100000000)
  eden space 150528K, 50% used [0x00000000d5c00000,0x00000000da6acb90,0x00000000def00000)
  from space 10240K, 0% used [0x00000000dfc80000,0x00000000dfc80000,0x00000000e0680000)
  to   space 13824K, 0% used [0x00000000def00000,0x00000000def00000,0x00000000dfc80000)
 ParOldGen       total 97792K, used 18744K [0x0000000081400000, 0x0000000087380000, 0x00000000d5c00000)
  object space 97792K, 19% used [0x0000000081400000,0x000000008264e3c8,0x0000000087380000)
 Metaspace       used 42451K, capacity 43972K, committed 44200K, reserved 1087488K
  class space    used 5720K, capacity 6037K, committed 6056K, reserved 1048576K
GC Heap History (10 events):
Event: 5.367 GC heap before
{Heap before GC invocations=6 (full 1):
 PSYoungGen      total 71680K, used 5100K [0x00000000d5c00000, 0x00000000def00000, 0x0000000100000000)
  eden space 66560K, 0% used [0x00000000d5c00000,0x00000000d5c00000,0x00000000d9d00000)
  from space 5120K, 99% used [0x00000000d9d00000,0x00000000da1fb0f8,0x00000000da200000)
  to   space 8704K, 0% used [0x00000000de680000,0x00000000de680000,0x00000000def00000)
 ParOldGen       total 87552K, used 5446K [0x0000000081400000, 0x0000000086980000, 0x00000000d5c00000)
  object space 87552K, 6% used [0x0000000081400000,0x0000000081951820,0x0000000086980000)
 Metaspace       used 20695K, capacity 21194K, committed 21296K, reserved 1067008K
  class space    used 2664K, capacity 2843K, committed 2864K, reserved 1048576K
Event: 5.465 GC heap after
Heap after GC invocations=6 (full 1):
 PSYoungGen      total 71680K, used 0K [0x00000000d5c00000, 0x00000000def00000, 0x0000000100000000)
  eden space 66560K, 0% used [0x00000000d5c00000,0x00000000d5c00000,0x00000000d9d00000)
  from space 5120K, 0% used [0x00000000d9d00000,0x00000000d9d00000,0x00000000da200000)
  to   space 8704K, 0% used [0x00000000de680000,0x00000000de680000,0x00000000def00000)
 ParOldGen       total 56320K, used 5740K [0x0000000081400000, 0x0000000084b00000, 0x00000000d5c00000)
  object space 56320K, 10% used [0x0000000081400000,0x000000008199b198,0x0000000084b00000)
 Metaspace       used 20695K, capacity 21194K, committed 21296K, reserved 1067008K
  class space    used 2664K, capacity 2843K, committed 2864K, reserved 1048576K
}
Event: 8.866 GC heap before
{Heap before GC invocations=7 (full 1):
 PSYoungGen      total 71680K, used 66536K [0x00000000d5c00000, 0x00000000def00000, 0x0000000100000000)
  eden space 66560K, 99% used [0x00000000d5c00000,0x00000000d9cfa210,0x00000000d9d00000)
  from space 5120K, 0% used [0x00000000d9d00000,0x00000000d9d00000,0x00000000da200000)
  to   space 8704K, 0% used [0x00000000de680000,0x00000000de680000,0x00000000def00000)
 ParOldGen       total 56320K, used 5740K [0x0000000081400000, 0x0000000084b00000, 0x00000000d5c00000)
  object space 56320K, 10% used [0x0000000081400000,0x000000008199b198,0x0000000084b00000)
 Metaspace       used 24252K, capacity 25038K, committed 25136K, reserved 1071104K
  class space    used 3106K, capacity 3318K, committed 3376K, reserved 1048576K
Event: 8.887 GC heap after
Heap after GC invocations=7 (full 1):
 PSYoungGen      total 108544K, used 5458K [0x00000000d5c00000, 0x00000000dec00000, 0x0000000100000000)
  eden space 102912K, 0% used [0x00000000d5c00000,0x00000000d5c00000,0x00000000dc080000)
  from space 5632K, 96% used [0x00000000de680000,0x00000000debd4868,0x00000000dec00000)
  to   space 8192K, 0% used [0x00000000ddc00000,0x00000000ddc00000,0x00000000de400000)
 ParOldGen       total 56320K, used 5748K [0x0000000081400000, 0x0000000084b00000, 0x00000000d5c00000)
  object space 56320K, 10% used [0x0000000081400000,0x000000008199d198,0x0000000084b00000)
 Metaspace       used 24252K, capacity 25038K, committed 25136K, reserved 1071104K
  class space    used 3106K, capacity 3318K, committed 3376K, reserved 1048576K
}
Event: 13.234 GC heap before
{Heap before GC invocations=8 (full 1):
 PSYoungGen      total 108544K, used 108370K [0x00000000d5c00000, 0x00000000dec00000, 0x0000000100000000)
  eden space 102912K, 100% used [0x00000000d5c00000,0x00000000dc080000,0x00000000dc080000)
  from space 5632K, 96% used [0x00000000de680000,0x00000000debd4868,0x00000000dec00000)
  to   space 8192K, 0% used [0x00000000ddc00000,0x00000000ddc00000,0x00000000de400000)
 ParOldGen       total 56320K, used 5748K [0x0000000081400000, 0x0000000084b00000, 0x00000000d5c00000)
  object space 56320K, 10% used [0x0000000081400000,0x000000008199d198,0x0000000084b00000)
 Metaspace       used 29784K, capacity 31202K, committed 31280K, reserved 1077248K
  class space    used 3864K, capacity 4142K, committed 4144K, reserved 1048576K
Event: 13.259 GC heap after
Heap after GC invocations=8 (full 1):
 PSYoungGen      total 139264K, used 8162K [0x00000000d5c00000, 0x00000000e0680000, 0x0000000100000000)
  eden space 131072K, 0% used [0x00000000d5c00000,0x00000000d5c00000,0x00000000ddc00000)
  from space 8192K, 99% used [0x00000000ddc00000,0x00000000de3f8810,0x00000000de400000)
  to   space 10240K, 0% used [0x00000000dfc80000,0x00000000dfc80000,0x00000000e0680000)
 ParOldGen       total 56320K, used 8103K [0x0000000081400000, 0x0000000084b00000, 0x00000000d5c00000)
  object space 56320K, 14% used [0x0000000081400000,0x0000000081be9d58,0x0000000084b00000)
 Metaspace       used 29784K, capacity 31202K, committed 31280K, reserved 1077248K
  class space    used 3864K, capacity 4142K, committed 4144K, reserved 1048576K
}
Event: 17.710 GC heap before
{Heap before GC invocations=9 (full 1):
 PSYoungGen      total 139264K, used 119240K [0x00000000d5c00000, 0x00000000e0680000, 0x0000000100000000)
  eden space 131072K, 84% used [0x00000000d5c00000,0x00000000dc879918,0x00000000ddc00000)
  from space 8192K, 99% used [0x00000000ddc00000,0x00000000de3f8810,0x00000000de400000)
  to   space 10240K, 0% used [0x00000000dfc80000,0x00000000dfc80000,0x00000000e0680000)
 ParOldGen       total 56320K, used 8103K [0x0000000081400000, 0x0000000084b00000, 0x00000000d5c00000)
  object space 56320K, 14% used [0x0000000081400000,0x0000000081be9d58,0x0000000084b00000)
 Metaspace       used 33863K, capacity 35350K, committed 35496K, reserved 1079296K
  class space    used 4381K, capacity 4692K, committed 4776K, reserved 1048576K
Event: 17.754 GC heap after
Heap after GC invocations=9 (full 1):
 PSYoungGen      total 160768K, used 10209K [0x00000000d5c00000, 0x00000000e3280000, 0x0000000100000000)
  eden space 150528K, 0% used [0x00000000d5c00000,0x00000000d5c00000,0x00000000def00000)
  from space 10240K, 99% used [0x00000000dfc80000,0x00000000e06787c8,0x00000000e0680000)
  to   space 13824K, 0% used [0x00000000def00000,0x00000000def00000,0x00000000dfc80000)
 ParOldGen       total 56320K, used 12740K [0x0000000081400000, 0x0000000084b00000, 0x00000000d5c00000)
  object space 56320K, 22% used [0x0000000081400000,0x0000000082071370,0x0000000084b00000)
 Metaspace       used 33863K, capacity 35350K, committed 35496K, reserved 1079296K
  class space    used 4381K, capacity 4692K, committed 4776K, reserved 1048576K
}
Event: 17.754 GC heap before
{Heap before GC invocations=10 (full 2):
 PSYoungGen      total 160768K, used 10209K [0x00000000d5c00000, 0x00000000e3280000, 0x0000000100000000)
  eden space 150528K, 0% used [0x00000000d5c00000,0x00000000d5c00000,0x00000000def00000)
  from space 10240K, 99% used [0x00000000dfc80000,0x00000000e06787c8,0x00000000e0680000)
  to   space 13824K, 0% used [0x00000000def00000,0x00000000def00000,0x00000000dfc80000)
 ParOldGen       total 56320K, used 12740K [0x0000000081400000, 0x0000000084b00000, 0x00000000d5c00000)
  object space 56320K, 22% used [0x0000000081400000,0x0000000082071370,0x0000000084b00000)
 Metaspace       used 33863K, capacity 35350K, committed 35496K, reserved 1079296K
  class space    used 4381K, capacity 4692K, committed 4776K, reserved 1048576K
Event: 18.044 GC heap after
Heap after GC invocations=10 (full 2):
 PSYoungGen      total 160768K, used 0K [0x00000000d5c00000, 0x00000000e3280000, 0x0000000100000000)
  eden space 150528K, 0% used [0x00000000d5c00000,0x00000000d5c00000,0x00000000def00000)
  from space 10240K, 0% used [0x00000000dfc80000,0x00000000dfc80000,0x00000000e0680000)
  to   space 13824K, 0% used [0x00000000def00000,0x00000000def00000,0x00000000dfc80000)
 ParOldGen       total 97792K, used 18744K [0x0000000081400000, 0x0000000087380000, 0x00000000d5c00000)
  object space 97792K, 19% used [0x0000000081400000,0x000000008264e3c8,0x0000000087380000)
 Metaspace       used 33863K, capacity 35350K, committed 35496K, reserved 1079296K
  class space    used 4381K, capacity 4692K, committed 4776K, reserved 1048576K
}

