# JRE version: Java(TM) SE Runtime Environment (8.0_171-b11) (build 1.8.0_171-b11)
# Java VM: Java HotSpot(TM) 64-Bit Server VM (25.171-b11 mixed mode windows-amd64 compressed oops)
Heap:
 PSYoungGen      total 72192K, used 56542K [0x00000000d5c00000, 0x00000000dd300000, 0x0000000100000000)
  eden space 63488K, 75% used [0x00000000d5c00000,0x00000000d8aba3b0,0x00000000d9a00000)
  from space 8704K, 99% used [0x00000000d9a00000,0x00000000da27d4d0,0x00000000da280000)
  to   space 12288K, 0% used [0x00000000dc700000,0x00000000dc700000,0x00000000dd300000)
 ParOldGen       total 45056K, used 13222K [0x0000000081400000, 0x0000000084000000, 0x00000000d5c00000)
  object space 45056K, 29% used [0x0000000081400000,0x00000000820e9a20,0x0000000084000000)
 Metaspace       used 33537K, capacity 35072K, committed 35200K, reserved 1079296K
  class space    used 4324K, capacity 4649K, committed 4736K, reserved 1048576K
GC Heap History (10 events):
Event: 34.616 GC heap before
{Heap before GC invocations=6 (full 1):
 PSYoungGen      total 38400K, used 5102K [0x00000000d5c00000, 0x00000000dae00000, 0x0000000100000000)
  eden space 33280K, 0% used [0x00000000d5c00000,0x00000000d5c00000,0x00000000d7c80000)
  from space 5120K, 99% used [0x00000000d7c80000,0x00000000d817bb90,0x00000000d8180000)
  to   space 8704K, 0% used [0x00000000da580000,0x00000000da580000,0x00000000dae00000)
 ParOldGen       total 87552K, used 5164K [0x0000000081400000, 0x0000000086980000, 0x00000000d5c00000)
  object space 87552K, 5% used [0x0000000081400000,0x000000008190b220,0x0000000086980000)
 Metaspace       used 20652K, capacity 21138K, committed 21248K, reserved 1067008K
  class space    used 2658K, capacity 2809K, committed 2816K, reserved 1048576K
Event: 34.700 GC heap after
Heap after GC invocations=6 (full 1):
 PSYoungGen      total 38400K, used 0K [0x00000000d5c00000, 0x00000000dae00000, 0x0000000100000000)
  eden space 33280K, 0% used [0x00000000d5c00000,0x00000000d5c00000,0x00000000d7c80000)
  from space 5120K, 0% used [0x00000000d7c80000,0x00000000d7c80000,0x00000000d8180000)
  to   space 8704K, 0% used [0x00000000da580000,0x00000000da580000,0x00000000dae00000)
 ParOldGen       total 45056K, used 5258K [0x0000000081400000, 0x0000000084000000, 0x00000000d5c00000)
  object space 45056K, 11% used [0x0000000081400000,0x00000000819229d0,0x0000000084000000)
 Metaspace       used 20652K, capacity 21138K, committed 21248K, reserved 1067008K
  class space    used 2658K, capacity 2809K, committed 2816K, reserved 1048576K
}
Event: 37.262 GC heap before
{Heap before GC invocations=7 (full 1):
 PSYoungGen      total 38400K, used 33280K [0x00000000d5c00000, 0x00000000dae00000, 0x0000000100000000)
  eden space 33280K, 100% used [0x00000000d5c00000,0x00000000d7c80000,0x00000000d7c80000)
  from space 5120K, 0% used [0x00000000d7c80000,0x00000000d7c80000,0x00000000d8180000)
  to   space 8704K, 0% used [0x00000000da580000,0x00000000da580000,0x00000000dae00000)
 ParOldGen       total 45056K, used 5258K [0x0000000081400000, 0x0000000084000000, 0x00000000d5c00000)
  object space 45056K, 11% used [0x0000000081400000,0x00000000819229d0,0x0000000084000000)
 Metaspace       used 23582K, capacity 24186K, committed 24448K, reserved 1071104K
  class space    used 3016K, capacity 3183K, committed 3200K, reserved 1048576K
Event: 37.284 GC heap after
Heap after GC invocations=7 (full 1):
 PSYoungGen      total 69120K, used 3518K [0x00000000d5c00000, 0x00000000dab00000, 0x0000000100000000)
  eden space 63488K, 0% used [0x00000000d5c00000,0x00000000d5c00000,0x00000000d9a00000)
  from space 5632K, 62% used [0x00000000da580000,0x00000000da8efb00,0x00000000dab00000)
  to   space 8704K, 0% used [0x00000000d9a00000,0x00000000d9a00000,0x00000000da280000)
 ParOldGen       total 45056K, used 5330K [0x0000000081400000, 0x0000000084000000, 0x00000000d5c00000)
  object space 45056K, 11% used [0x0000000081400000,0x00000000819349e0,0x0000000084000000)
 Metaspace       used 23582K, capacity 24186K, committed 24448K, reserved 1071104K
  class space    used 3016K, capacity 3183K, committed 3200K, reserved 1048576K
}
Event: 38.801 GC heap before
{Heap before GC invocations=8 (full 1):
 PSYoungGen      total 69120K, used 67006K [0x00000000d5c00000, 0x00000000dab00000, 0x0000000100000000)
  eden space 63488K, 100% used [0x00000000d5c00000,0x00000000d9a00000,0x00000000d9a00000)
  from space 5632K, 62% used [0x00000000da580000,0x00000000da8efb00,0x00000000dab00000)
  to   space 8704K, 0% used [0x00000000d9a00000,0x00000000d9a00000,0x00000000da280000)
 ParOldGen       total 45056K, used 5330K [0x0000000081400000, 0x0000000084000000, 0x00000000d5c00000)
  object space 45056K, 11% used [0x0000000081400000,0x00000000819349e0,0x0000000084000000)
 Metaspace       used 24388K, capacity 25186K, committed 25472K, reserved 1071104K
  class space    used 3125K, capacity 3350K, committed 3456K, reserved 1048576K
Event: 38.837 GC heap after
Heap after GC invocations=8 (full 1):
 PSYoungGen      total 72192K, used 4494K [0x00000000d5c00000, 0x00000000dab00000, 0x0000000100000000)
  eden space 63488K, 0% used [0x00000000d5c00000,0x00000000d5c00000,0x00000000d9a00000)
  from space 8704K, 51% used [0x00000000d9a00000,0x00000000d9e63af0,0x00000000da280000)
  to   space 5632K, 0% used [0x00000000da580000,0x00000000da580000,0x00000000dab00000)
 ParOldGen       total 45056K, used 5330K [0x0000000081400000, 0x0000000084000000, 0x00000000d5c00000)
  object space 45056K, 11% used [0x0000000081400000,0x00000000819349e0,0x0000000084000000)
 Metaspace       used 24388K, capacity 25186K, committed 25472K, reserved 1071104K
  class space    used 3125K, capacity 3350K, committed 3456K, reserved 1048576K
}
Event: 40.994 GC heap before
{Heap before GC invocations=9 (full 1):
 PSYoungGen      total 72192K, used 67982K [0x00000000d5c00000, 0x00000000dab00000, 0x0000000100000000)
  eden space 63488K, 100% used [0x00000000d5c00000,0x00000000d9a00000,0x00000000d9a00000)
  from space 8704K, 51% used [0x00000000d9a00000,0x00000000d9e63af0,0x00000000da280000)
  to   space 5632K, 0% used [0x00000000da580000,0x00000000da580000,0x00000000dab00000)
 ParOldGen       total 45056K, used 5330K [0x0000000081400000, 0x0000000084000000, 0x00000000d5c00000)
  object space 45056K, 11% used [0x0000000081400000,0x00000000819349e0,0x0000000084000000)
 Metaspace       used 28566K, capacity 29580K, committed 29824K, reserved 1075200K
  class space    used 3675K, capacity 3929K, committed 3968K, reserved 1048576K
Event: 41.013 GC heap after
Heap after GC invocations=9 (full 1):
 PSYoungGen      total 69120K, used 5600K [0x00000000d5c00000, 0x00000000dab00000, 0x0000000100000000)
  eden space 63488K, 0% used [0x00000000d5c00000,0x00000000d5c00000,0x00000000d9a00000)
  from space 5632K, 99% used [0x00000000da580000,0x00000000daaf8348,0x00000000dab00000)
  to   space 8704K, 0% used [0x00000000d9a00000,0x00000000d9a00000,0x00000000da280000)
 ParOldGen       total 45056K, used 8987K [0x0000000081400000, 0x0000000084000000, 0x00000000d5c00000)
  object space 45056K, 19% used [0x0000000081400000,0x0000000081cc6e58,0x0000000084000000)
 Metaspace       used 28566K, capacity 29580K, committed 29824K, reserved 1075200K
  class space    used 3675K, capacity 3929K, committed 3968K, reserved 1048576K
}
Event: 43.302 GC heap before
{Heap before GC invocations=10 (full 1):
 PSYoungGen      total 69120K, used 69046K [0x00000000d5c00000, 0x00000000dab00000, 0x0000000100000000)
  eden space 63488K, 99% used [0x00000000d5c00000,0x00000000d99f5798,0x00000000d9a00000)
  from space 5632K, 99% used [0x00000000da580000,0x00000000daaf8348,0x00000000dab00000)
  to   space 8704K, 0% used [0x00000000d9a00000,0x00000000d9a00000,0x00000000da280000)
 ParOldGen       total 45056K, used 8987K [0x0000000081400000, 0x0000000084000000, 0x00000000d5c00000)
  object space 45056K, 19% used [0x0000000081400000,0x0000000081cc6e58,0x0000000084000000)
 Metaspace       used 32331K, capacity 33778K, committed 34048K, reserved 1079296K
  class space    used 4198K, capacity 4482K, committed 4608K, reserved 1048576K
Event: 43.325 GC heap after
Heap after GC invocations=10 (full 1):
 PSYoungGen      total 72192K, used 8693K [0x00000000d5c00000, 0x00000000dd300000, 0x0000000100000000)
  eden space 63488K, 0% used [0x00000000d5c00000,0x00000000d5c00000,0x00000000d9a00000)
  from space 8704K, 99% used [0x00000000d9a00000,0x00000000da27d4d0,0x00000000da280000)
  to   space 12288K, 0% used [0x00000000dc700000,0x00000000dc700000,0x00000000dd300000)
 ParOldGen       total 45056K, used 13222K [0x0000000081400000, 0x0000000084000000, 0x00000000d5c00000)
  object space 45056K, 29% used [0x0000000081400000,0x00000000820e9a20,0x0000000084000000)
 Metaspace       used 32331K, capacity 33778K, committed 34048K, reserved 1079296K
  class space    used 4198K, capacity 4482K, committed 4608K, reserved 1048576K
}

