# JRE version: Java(TM) SE Runtime Environment (8.0_171-b11) (build 1.8.0_171-b11)
# Java VM: Java HotSpot(TM) 64-Bit Server VM (25.171-b11 mixed mode windows-amd64 compressed oops)
Heap:
 PSYoungGen      total 195584K, used 48551K [0x00000000d5c00000, 0x00000000e3000000, 0x0000000100000000)
  eden space 180224K, 26% used [0x00000000d5c00000,0x00000000d8b69ed0,0x00000000e0c00000)
  from space 15360K, 0% used [0x00000000e2100000,0x00000000e2100000,0x00000000e3000000)
  to   space 18432K, 0% used [0x00000000e0c00000,0x00000000e0c00000,0x00000000e1e00000)
 ParOldGen       total 134144K, used 28996K [0x0000000081400000, 0x0000000089700000, 0x00000000d5c00000)
  object space 134144K, 21% used [0x0000000081400000,0x0000000083051008,0x0000000089700000)
 Metaspace       used 60879K, capacity 63112K, committed 63192K, reserved 1103872K
  class space    used 8249K, capacity 8673K, committed 8704K, reserved 1048576K
GC Heap History (10 events):
Event: 10.351 GC heap before
{Heap before GC invocations=9 (full 1):
 PSYoungGen      total 139264K, used 119792K [0x00000000d5c00000, 0x00000000e0380000, 0x0000000100000000)
  eden space 130560K, 85% used [0x00000000d5c00000,0x00000000dc87c6c8,0x00000000ddb80000)
  from space 8704K, 99% used [0x00000000ddb80000,0x00000000de3ff958,0x00000000de400000)
  to   space 10752K, 0% used [0x00000000df900000,0x00000000df900000,0x00000000e0380000)
 ParOldGen       total 57344K, used 7921K [0x0000000081400000, 0x0000000084c00000, 0x00000000d5c00000)
  object space 57344K, 13% used [0x0000000081400000,0x0000000081bbc7e0,0x0000000084c00000)
 Metaspace       used 33934K, capacity 35404K, committed 35456K, reserved 1079296K
  class space    used 4375K, capacity 4691K, committed 4736K, reserved 1048576K
Event: 10.394 GC heap after
Heap after GC invocations=9 (full 1):
 PSYoungGen      total 157696K, used 10724K [0x00000000d5c00000, 0x00000000e3480000, 0x0000000100000000)
  eden space 146944K, 0% used [0x00000000d5c00000,0x00000000d5c00000,0x00000000deb80000)
  from space 10752K, 99% used [0x00000000df900000,0x00000000e0379280,0x00000000e0380000)
  to   space 13824K, 0% used [0x00000000deb80000,0x00000000deb80000,0x00000000df900000)
 ParOldGen       total 57344K, used 11806K [0x0000000081400000, 0x0000000084c00000, 0x00000000d5c00000)
  object space 57344K, 20% used [0x0000000081400000,0x0000000081f87950,0x0000000084c00000)
 Metaspace       used 33934K, capacity 35404K, committed 35456K, reserved 1079296K
  class space    used 4375K, capacity 4691K, committed 4736K, reserved 1048576K
}
Event: 10.395 GC heap before
{Heap before GC invocations=10 (full 2):
 PSYoungGen      total 157696K, used 10724K [0x00000000d5c00000, 0x00000000e3480000, 0x0000000100000000)
  eden space 146944K, 0% used [0x00000000d5c00000,0x00000000d5c00000,0x00000000deb80000)
  from space 10752K, 99% used [0x00000000df900000,0x00000000e0379280,0x00000000e0380000)
  to   space 13824K, 0% used [0x00000000deb80000,0x00000000deb80000,0x00000000df900000)
 ParOldGen       total 57344K, used 11806K [0x0000000081400000, 0x0000000084c00000, 0x00000000d5c00000)
  object space 57344K, 20% used [0x0000000081400000,0x0000000081f87950,0x0000000084c00000)
 Metaspace       used 33934K, capacity 35404K, committed 35456K, reserved 1079296K
  class space    used 4375K, capacity 4691K, committed 4736K, reserved 1048576K
Event: 10.550 GC heap after
Heap after GC invocations=10 (full 2):
 PSYoungGen      total 157696K, used 0K [0x00000000d5c00000, 0x00000000e3480000, 0x0000000100000000)
  eden space 146944K, 0% used [0x00000000d5c00000,0x00000000d5c00000,0x00000000deb80000)
  from space 10752K, 0% used [0x00000000df900000,0x00000000df900000,0x00000000e0380000)
  to   space 13824K, 0% used [0x00000000deb80000,0x00000000deb80000,0x00000000df900000)
 ParOldGen       total 96256K, used 18990K [0x0000000081400000, 0x0000000087200000, 0x00000000d5c00000)
  object space 96256K, 19% used [0x0000000081400000,0x000000008268b8b0,0x0000000087200000)
 Metaspace       used 33934K, capacity 35404K, committed 35456K, reserved 1079296K
  class space    used 4375K, capacity 4691K, committed 4736K, reserved 1048576K
}
Event: 15.902 GC heap before
{Heap before GC invocations=11 (full 2):
 PSYoungGen      total 157696K, used 146944K [0x00000000d5c00000, 0x00000000e3480000, 0x0000000100000000)
  eden space 146944K, 100% used [0x00000000d5c00000,0x00000000deb80000,0x00000000deb80000)
  from space 10752K, 0% used [0x00000000df900000,0x00000000df900000,0x00000000e0380000)
  to   space 13824K, 0% used [0x00000000deb80000,0x00000000deb80000,0x00000000df900000)
 ParOldGen       total 96256K, used 18990K [0x0000000081400000, 0x0000000087200000, 0x00000000d5c00000)
  object space 96256K, 19% used [0x0000000081400000,0x000000008268b8b0,0x0000000087200000)
 Metaspace       used 49536K, capacity 51184K, committed 51456K, reserved 1093632K
  class space    used 6750K, capacity 7071K, committed 7168K, reserved 1048576K
Event: 15.941 GC heap after
Heap after GC invocations=11 (full 2):
 PSYoungGen      total 160768K, used 13811K [0x00000000d5c00000, 0x00000000e3180000, 0x0000000100000000)
  eden space 146944K, 0% used [0x00000000d5c00000,0x00000000d5c00000,0x00000000deb80000)
  from space 13824K, 99% used [0x00000000deb80000,0x00000000df8fce50,0x00000000df900000)
  to   space 16896K, 0% used [0x00000000e2100000,0x00000000e2100000,0x00000000e3180000)
 ParOldGen       total 96256K, used 21908K [0x0000000081400000, 0x0000000087200000, 0x00000000d5c00000)
  object space 96256K, 22% used [0x0000000081400000,0x0000000082965378,0x0000000087200000)
 Metaspace       used 49536K, capacity 51184K, committed 51456K, reserved 1093632K
  class space    used 6750K, capacity 7071K, committed 7168K, reserved 1048576K
}
Event: 33.086 GC heap before
{Heap before GC invocations=12 (full 2):
 PSYoungGen      total 160768K, used 138240K [0x00000000d5c00000, 0x00000000e3180000, 0x0000000100000000)
  eden space 146944K, 84% used [0x00000000d5c00000,0x00000000dd583468,0x00000000deb80000)
  from space 13824K, 99% used [0x00000000deb80000,0x00000000df8fce50,0x00000000df900000)
  to   space 16896K, 0% used [0x00000000e2100000,0x00000000e2100000,0x00000000e3180000)
 ParOldGen       total 96256K, used 21908K [0x0000000081400000, 0x0000000087200000, 0x00000000d5c00000)
  object space 96256K, 22% used [0x0000000081400000,0x0000000082965378,0x0000000087200000)
 Metaspace       used 56969K, capacity 59038K, committed 59096K, reserved 1099776K
  class space    used 7786K, capacity 8190K, committed 8192K, reserved 1048576K
Event: 33.147 GC heap after
Heap after GC invocations=12 (full 2):
 PSYoungGen      total 195584K, used 14863K [0x00000000d5c00000, 0x00000000e3000000, 0x0000000100000000)
  eden space 180224K, 0% used [0x00000000d5c00000,0x00000000d5c00000,0x00000000e0c00000)
  from space 15360K, 96% used [0x00000000e2100000,0x00000000e2f83d88,0x00000000e3000000)
  to   space 18432K, 0% used [0x00000000e0c00000,0x00000000e0c00000,0x00000000e1e00000)
 ParOldGen       total 96256K, used 21916K [0x0000000081400000, 0x0000000087200000, 0x00000000d5c00000)
  object space 96256K, 22% used [0x0000000081400000,0x0000000082967378,0x0000000087200000)
 Metaspace       used 56969K, capacity 59038K, committed 59096K, reserved 1099776K
  class space    used 7786K, capacity 8190K, committed 8192K, reserved 1048576K
}
Event: 33.147 GC heap before
{Heap before GC invocations=13 (full 3):
 PSYoungGen      total 195584K, used 14863K [0x00000000d5c00000, 0x00000000e3000000, 0x0000000100000000)
  eden space 180224K, 0% used [0x00000000d5c00000,0x00000000d5c00000,0x00000000e0c00000)
  from space 15360K, 96% used [0x00000000e2100000,0x00000000e2f83d88,0x00000000e3000000)
  to   space 18432K, 0% used [0x00000000e0c00000,0x00000000e0c00000,0x00000000e1e00000)
 ParOldGen       total 96256K, used 21916K [0x0000000081400000, 0x0000000087200000, 0x00000000d5c00000)
  object space 96256K, 22% used [0x0000000081400000,0x0000000082967378,0x0000000087200000)
 Metaspace       used 56969K, capacity 59038K, committed 59096K, reserved 1099776K
  class space    used 7786K, capacity 8190K, committed 8192K, reserved 1048576K
Event: 33.483 GC heap after
Heap after GC invocations=13 (full 3):
 PSYoungGen      total 195584K, used 0K [0x00000000d5c00000, 0x00000000e3000000, 0x0000000100000000)
  eden space 180224K, 0% used [0x00000000d5c00000,0x00000000d5c00000,0x00000000e0c00000)
  from space 15360K, 0% used [0x00000000e2100000,0x00000000e2100000,0x00000000e3000000)
  to   space 18432K, 0% used [0x00000000e0c00000,0x00000000e0c00000,0x00000000e1e00000)
 ParOldGen       total 134144K, used 28996K [0x0000000081400000, 0x0000000089700000, 0x00000000d5c00000)
  object space 134144K, 21% used [0x0000000081400000,0x0000000083051008,0x0000000089700000)
 Metaspace       used 56954K, capacity 59014K, committed 59096K, reserved 1099776K
  class space    used 7784K, capacity 8186K, committed 8192K, reserved 1048576K
}

