# JRE version: Java(TM) SE Runtime Environment (8.0_171-b11) (build 1.8.0_171-b11)
# Java VM: Java HotSpot(TM) 64-Bit Server VM (25.171-b11 mixed mode windows-amd64 compressed oops)
Heap:
 PSYoungGen      total 182784K, used 123302K [0x00000000d5c00000, 0x00000000e2300000, 0x0000000100000000)
  eden space 166912K, 73% used [0x00000000d5c00000,0x00000000dd469bb8,0x00000000dff00000)
  from space 15872K, 0% used [0x00000000e1380000,0x00000000e1380000,0x00000000e2300000)
  to   space 18432K, 0% used [0x00000000dff00000,0x00000000dff00000,0x00000000e1100000)
 ParOldGen       total 152064K, used 29256K [0x0000000081400000, 0x000000008a880000, 0x00000000d5c00000)
  object space 152064K, 19% used [0x0000000081400000,0x00000000830923e0,0x000000008a880000)
 Metaspace       used 63926K, capacity 66222K, committed 66328K, reserved 1105920K
  class space    used 8565K, capacity 8968K, committed 9000K, reserved 1048576K
GC Heap History (10 events):
Event: 10.463 GC heap before
{Heap before GC invocations=9 (full 1):
 PSYoungGen      total 138240K, used 114277K [0x00000000d5c00000, 0x00000000e0280000, 0x0000000100000000)
  eden space 129024K, 81% used [0x00000000d5c00000,0x00000000dc29aef0,0x00000000dda00000)
  from space 9216K, 99% used [0x00000000dda00000,0x00000000de2fe6b0,0x00000000de300000)
  to   space 11264K, 0% used [0x00000000df780000,0x00000000df780000,0x00000000e0280000)
 ParOldGen       total 59392K, used 8045K [0x0000000081400000, 0x0000000084e00000, 0x00000000d5c00000)
  object space 59392K, 13% used [0x0000000081400000,0x0000000081bdb6f8,0x0000000084e00000)
 Metaspace       used 33933K, capacity 35408K, committed 35496K, reserved 1079296K
  class space    used 4376K, capacity 4691K, committed 4776K, reserved 1048576K
Event: 10.490 GC heap after
Heap after GC invocations=9 (full 1):
 PSYoungGen      total 156672K, used 11253K [0x00000000d5c00000, 0x00000000e3100000, 0x0000000100000000)
  eden space 145408K, 0% used [0x00000000d5c00000,0x00000000d5c00000,0x00000000dea00000)
  from space 11264K, 99% used [0x00000000df780000,0x00000000e027d458,0x00000000e0280000)
  to   space 13824K, 0% used [0x00000000dea00000,0x00000000dea00000,0x00000000df780000)
 ParOldGen       total 59392K, used 11075K [0x0000000081400000, 0x0000000084e00000, 0x00000000d5c00000)
  object space 59392K, 18% used [0x0000000081400000,0x0000000081ed0f28,0x0000000084e00000)
 Metaspace       used 33933K, capacity 35408K, committed 35496K, reserved 1079296K
  class space    used 4376K, capacity 4691K, committed 4776K, reserved 1048576K
}
Event: 10.490 GC heap before
{Heap before GC invocations=10 (full 2):
 PSYoungGen      total 156672K, used 11253K [0x00000000d5c00000, 0x00000000e3100000, 0x0000000100000000)
  eden space 145408K, 0% used [0x00000000d5c00000,0x00000000d5c00000,0x00000000dea00000)
  from space 11264K, 99% used [0x00000000df780000,0x00000000e027d458,0x00000000e0280000)
  to   space 13824K, 0% used [0x00000000dea00000,0x00000000dea00000,0x00000000df780000)
 ParOldGen       total 59392K, used 11075K [0x0000000081400000, 0x0000000084e00000, 0x00000000d5c00000)
  object space 59392K, 18% used [0x0000000081400000,0x0000000081ed0f28,0x0000000084e00000)
 Metaspace       used 33933K, capacity 35408K, committed 35496K, reserved 1079296K
  class space    used 4376K, capacity 4691K, committed 4776K, reserved 1048576K
Event: 10.805 GC heap after
Heap after GC invocations=10 (full 2):
 PSYoungGen      total 156672K, used 0K [0x00000000d5c00000, 0x00000000e3100000, 0x0000000100000000)
  eden space 145408K, 0% used [0x00000000d5c00000,0x00000000d5c00000,0x00000000dea00000)
  from space 11264K, 0% used [0x00000000df780000,0x00000000df780000,0x00000000e0280000)
  to   space 13824K, 0% used [0x00000000dea00000,0x00000000dea00000,0x00000000df780000)
 ParOldGen       total 105984K, used 18824K [0x0000000081400000, 0x0000000087b80000, 0x00000000d5c00000)
  object space 105984K, 17% used [0x0000000081400000,0x0000000082662330,0x0000000087b80000)
 Metaspace       used 33933K, capacity 35408K, committed 35496K, reserved 1079296K
  class space    used 4376K, capacity 4691K, committed 4776K, reserved 1048576K
}
Event: 15.224 GC heap before
{Heap before GC invocations=11 (full 2):
 PSYoungGen      total 156672K, used 145408K [0x00000000d5c00000, 0x00000000e3100000, 0x0000000100000000)
  eden space 145408K, 100% used [0x00000000d5c00000,0x00000000dea00000,0x00000000dea00000)
  from space 11264K, 0% used [0x00000000df780000,0x00000000df780000,0x00000000e0280000)
  to   space 13824K, 0% used [0x00000000dea00000,0x00000000dea00000,0x00000000df780000)
 ParOldGen       total 105984K, used 18824K [0x0000000081400000, 0x0000000087b80000, 0x00000000d5c00000)
  object space 105984K, 17% used [0x0000000081400000,0x0000000082662330,0x0000000087b80000)
 Metaspace       used 49343K, capacity 51022K, committed 51368K, reserved 1093632K
  class space    used 6721K, capacity 7038K, committed 7080K, reserved 1048576K
Event: 15.254 GC heap after
Heap after GC invocations=11 (full 2):
 PSYoungGen      total 159232K, used 13823K [0x00000000d5c00000, 0x00000000e2400000, 0x0000000100000000)
  eden space 145408K, 0% used [0x00000000d5c00000,0x00000000d5c00000,0x00000000dea00000)
  from space 13824K, 99% used [0x00000000dea00000,0x00000000df77fc08,0x00000000df780000)
  to   space 16896K, 0% used [0x00000000e1380000,0x00000000e1380000,0x00000000e2400000)
 ParOldGen       total 105984K, used 21426K [0x0000000081400000, 0x0000000087b80000, 0x00000000d5c00000)
  object space 105984K, 20% used [0x0000000081400000,0x00000000828ec8a8,0x0000000087b80000)
 Metaspace       used 49343K, capacity 51022K, committed 51368K, reserved 1093632K
  class space    used 6721K, capacity 7038K, committed 7080K, reserved 1048576K
}
Event: 39.281 GC heap before
{Heap before GC invocations=12 (full 2):
 PSYoungGen      total 159232K, used 149219K [0x00000000d5c00000, 0x00000000e2400000, 0x0000000100000000)
  eden space 145408K, 93% used [0x00000000d5c00000,0x00000000de039268,0x00000000dea00000)
  from space 13824K, 99% used [0x00000000dea00000,0x00000000df77fc08,0x00000000df780000)
  to   space 16896K, 0% used [0x00000000e1380000,0x00000000e1380000,0x00000000e2400000)
 ParOldGen       total 105984K, used 21426K [0x0000000081400000, 0x0000000087b80000, 0x00000000d5c00000)
  object space 105984K, 20% used [0x0000000081400000,0x00000000828ec8a8,0x0000000087b80000)
 Metaspace       used 57026K, capacity 59120K, committed 59160K, reserved 1099776K
  class space    used 7795K, capacity 8193K, committed 8232K, reserved 1048576K
Event: 39.341 GC heap after
Heap after GC invocations=12 (full 2):
 PSYoungGen      total 182784K, used 15079K [0x00000000d5c00000, 0x00000000e2300000, 0x0000000100000000)
  eden space 166912K, 0% used [0x00000000d5c00000,0x00000000d5c00000,0x00000000dff00000)
  from space 15872K, 95% used [0x00000000e1380000,0x00000000e2239df0,0x00000000e2300000)
  to   space 18432K, 0% used [0x00000000dff00000,0x00000000dff00000,0x00000000e1100000)
 ParOldGen       total 105984K, used 21434K [0x0000000081400000, 0x0000000087b80000, 0x00000000d5c00000)
  object space 105984K, 20% used [0x0000000081400000,0x00000000828ee8a8,0x0000000087b80000)
 Metaspace       used 57026K, capacity 59120K, committed 59160K, reserved 1099776K
  class space    used 7795K, capacity 8193K, committed 8232K, reserved 1048576K
}
Event: 39.341 GC heap before
{Heap before GC invocations=13 (full 3):
 PSYoungGen      total 182784K, used 15079K [0x00000000d5c00000, 0x00000000e2300000, 0x0000000100000000)
  eden space 166912K, 0% used [0x00000000d5c00000,0x00000000d5c00000,0x00000000dff00000)
  from space 15872K, 95% used [0x00000000e1380000,0x00000000e2239df0,0x00000000e2300000)
  to   space 18432K, 0% used [0x00000000dff00000,0x00000000dff00000,0x00000000e1100000)
 ParOldGen       total 105984K, used 21434K [0x0000000081400000, 0x0000000087b80000, 0x00000000d5c00000)
  object space 105984K, 20% used [0x0000000081400000,0x00000000828ee8a8,0x0000000087b80000)
 Metaspace       used 57026K, capacity 59120K, committed 59160K, reserved 1099776K
  class space    used 7795K, capacity 8193K, committed 8232K, reserved 1048576K
Event: 39.702 GC heap after
Heap after GC invocations=13 (full 3):
 PSYoungGen      total 182784K, used 0K [0x00000000d5c00000, 0x00000000e2300000, 0x0000000100000000)
  eden space 166912K, 0% used [0x00000000d5c00000,0x00000000d5c00000,0x00000000dff00000)
  from space 15872K, 0% used [0x00000000e1380000,0x00000000e1380000,0x00000000e2300000)
  to   space 18432K, 0% used [0x00000000dff00000,0x00000000dff00000,0x00000000e1100000)
 ParOldGen       total 152064K, used 29256K [0x0000000081400000, 0x000000008a880000, 0x00000000d5c00000)
  object space 152064K, 19% used [0x0000000081400000,0x00000000830923e0,0x000000008a880000)
 Metaspace       used 57011K, capacity 59096K, committed 59160K, reserved 1099776K
  class space    used 7793K, capacity 8189K, committed 8232K, reserved 1048576K
}

