# JRE version: Java(TM) SE Runtime Environment (8.0_171-b11) (build 1.8.0_171-b11)
# Java VM: Java HotSpot(TM) 64-Bit Server VM (25.171-b11 mixed mode windows-amd64 compressed oops)
Heap:
 PSYoungGen      total 209408K, used 28675K [0x00000000d5c00000, 0x00000000e6000000, 0x0000000100000000)
  eden space 190976K, 11% used [0x00000000d5c00000,0x00000000d723b9b0,0x00000000e1680000)
  from space 18432K, 32% used [0x00000000e1680000,0x00000000e1c45520,0x00000000e2880000)
  to   space 17920K, 0% used [0x00000000e4e80000,0x00000000e4e80000,0x00000000e6000000)
 ParOldGen       total 131072K, used 28784K [0x0000000081400000, 0x0000000089400000, 0x00000000d5c00000)
  object space 131072K, 21% used [0x0000000081400000,0x000000008301c098,0x0000000089400000)
 Metaspace       used 62348K, capacity 64702K, committed 64792K, reserved 1105920K
  class space    used 8299K, capacity 8740K, committed 8744K, reserved 1048576K
GC Heap History (10 events):
Event: 11.138 GC heap before
{Heap before GC invocations=10 (full 2):
 PSYoungGen      total 166912K, used 10233K [0x00000000d5c00000, 0x00000000e3780000, 0x0000000100000000)
  eden space 156672K, 0% used [0x00000000d5c00000,0x00000000d5c00000,0x00000000df500000)
  from space 10240K, 99% used [0x00000000e0280000,0x00000000e0c7e478,0x00000000e0c80000)
  to   space 13824K, 0% used [0x00000000df500000,0x00000000df500000,0x00000000e0280000)
 ParOldGen       total 55808K, used 12708K [0x0000000081400000, 0x0000000084a80000, 0x00000000d5c00000)
  object space 55808K, 22% used [0x0000000081400000,0x0000000082069078,0x0000000084a80000)
 Metaspace       used 33908K, capacity 35408K, committed 35496K, reserved 1079296K
  class space    used 4375K, capacity 4691K, committed 4776K, reserved 1048576K
Event: 11.320 GC heap after
Heap after GC invocations=10 (full 2):
 PSYoungGen      total 166912K, used 0K [0x00000000d5c00000, 0x00000000e3780000, 0x0000000100000000)
  eden space 156672K, 0% used [0x00000000d5c00000,0x00000000d5c00000,0x00000000df500000)
  from space 10240K, 0% used [0x00000000e0280000,0x00000000e0280000,0x00000000e0c80000)
  to   space 13824K, 0% used [0x00000000df500000,0x00000000df500000,0x00000000e0280000)
 ParOldGen       total 95744K, used 18959K [0x0000000081400000, 0x0000000087180000, 0x00000000d5c00000)
  object space 95744K, 19% used [0x0000000081400000,0x0000000082683db0,0x0000000087180000)
 Metaspace       used 33908K, capacity 35408K, committed 35496K, reserved 1079296K
  class space    used 4375K, capacity 4691K, committed 4776K, reserved 1048576K
}
Event: 17.574 GC heap before
{Heap before GC invocations=11 (full 2):
 PSYoungGen      total 166912K, used 156672K [0x00000000d5c00000, 0x00000000e3780000, 0x0000000100000000)
  eden space 156672K, 100% used [0x00000000d5c00000,0x00000000df500000,0x00000000df500000)
  from space 10240K, 0% used [0x00000000e0280000,0x00000000e0280000,0x00000000e0c80000)
  to   space 13824K, 0% used [0x00000000df500000,0x00000000df500000,0x00000000e0280000)
 ParOldGen       total 95744K, used 18959K [0x0000000081400000, 0x0000000087180000, 0x00000000d5c00000)
  object space 95744K, 19% used [0x0000000081400000,0x0000000082683db0,0x0000000087180000)
 Metaspace       used 49861K, capacity 51482K, committed 51752K, reserved 1093632K
  class space    used 6800K, capacity 7104K, committed 7208K, reserved 1048576K
Event: 17.604 GC heap after
Heap after GC invocations=11 (full 2):
 PSYoungGen      total 170496K, used 13800K [0x00000000d5c00000, 0x00000000e3c80000, 0x0000000100000000)
  eden space 156672K, 0% used [0x00000000d5c00000,0x00000000d5c00000,0x00000000df500000)
  from space 13824K, 99% used [0x00000000df500000,0x00000000e027a198,0x00000000e0280000)
  to   space 16896K, 0% used [0x00000000e2c00000,0x00000000e2c00000,0x00000000e3c80000)
 ParOldGen       total 95744K, used 22458K [0x0000000081400000, 0x0000000087180000, 0x00000000d5c00000)
  object space 95744K, 23% used [0x0000000081400000,0x00000000829ee958,0x0000000087180000)
 Metaspace       used 49861K, capacity 51482K, committed 51752K, reserved 1093632K
  class space    used 6800K, capacity 7104K, committed 7208K, reserved 1048576K
}
Event: 71.971 GC heap before
{Heap before GC invocations=12 (full 2):
 PSYoungGen      total 170496K, used 146658K [0x00000000d5c00000, 0x00000000e3c80000, 0x0000000100000000)
  eden space 156672K, 84% used [0x00000000d5c00000,0x00000000dddbe8f0,0x00000000df500000)
  from space 13824K, 99% used [0x00000000df500000,0x00000000e027a198,0x00000000e0280000)
  to   space 16896K, 0% used [0x00000000e2c00000,0x00000000e2c00000,0x00000000e3c80000)
 ParOldGen       total 95744K, used 22458K [0x0000000081400000, 0x0000000087180000, 0x00000000d5c00000)
  object space 95744K, 23% used [0x0000000081400000,0x00000000829ee958,0x0000000087180000)
 Metaspace       used 57010K, capacity 59120K, committed 59160K, reserved 1099776K
  class space    used 7793K, capacity 8193K, committed 8232K, reserved 1048576K
Event: 72.008 GC heap after
Heap after GC invocations=12 (full 2):
 PSYoungGen      total 204800K, used 14687K [0x00000000d5c00000, 0x00000000e3a80000, 0x0000000100000000)
  eden space 189952K, 0% used [0x00000000d5c00000,0x00000000d5c00000,0x00000000e1580000)
  from space 14848K, 98% used [0x00000000e2c00000,0x00000000e3a57c10,0x00000000e3a80000)
  to   space 18432K, 0% used [0x00000000e1680000,0x00000000e1680000,0x00000000e2880000)
 ParOldGen       total 95744K, used 22466K [0x0000000081400000, 0x0000000087180000, 0x00000000d5c00000)
  object space 95744K, 23% used [0x0000000081400000,0x00000000829f0958,0x0000000087180000)
 Metaspace       used 57010K, capacity 59120K, committed 59160K, reserved 1099776K
  class space    used 7793K, capacity 8193K, committed 8232K, reserved 1048576K
}
Event: 72.008 GC heap before
{Heap before GC invocations=13 (full 3):
 PSYoungGen      total 204800K, used 14687K [0x00000000d5c00000, 0x00000000e3a80000, 0x0000000100000000)
  eden space 189952K, 0% used [0x00000000d5c00000,0x00000000d5c00000,0x00000000e1580000)
  from space 14848K, 98% used [0x00000000e2c00000,0x00000000e3a57c10,0x00000000e3a80000)
  to   space 18432K, 0% used [0x00000000e1680000,0x00000000e1680000,0x00000000e2880000)
 ParOldGen       total 95744K, used 22466K [0x0000000081400000, 0x0000000087180000, 0x00000000d5c00000)
  object space 95744K, 23% used [0x0000000081400000,0x00000000829f0958,0x0000000087180000)
 Metaspace       used 57010K, capacity 59120K, committed 59160K, reserved 1099776K
  class space    used 7793K, capacity 8193K, committed 8232K, reserved 1048576K
Event: 72.319 GC heap after
Heap after GC invocations=13 (full 3):
 PSYoungGen      total 204800K, used 0K [0x00000000d5c00000, 0x00000000e3a80000, 0x0000000100000000)
  eden space 189952K, 0% used [0x00000000d5c00000,0x00000000d5c00000,0x00000000e1580000)
  from space 14848K, 0% used [0x00000000e2c00000,0x00000000e2c00000,0x00000000e3a80000)
  to   space 18432K, 0% used [0x00000000e1680000,0x00000000e1680000,0x00000000e2880000)
 ParOldGen       total 131072K, used 28776K [0x0000000081400000, 0x0000000089400000, 0x00000000d5c00000)
  object space 131072K, 21% used [0x0000000081400000,0x000000008301a098,0x0000000089400000)
 Metaspace       used 56995K, capacity 59096K, committed 59160K, reserved 1099776K
  class space    used 7791K, capacity 8189K, committed 8232K, reserved 1048576K
}
Event: 896.684 GC heap before
{Heap before GC invocations=14 (full 3):
 PSYoungGen      total 204800K, used 189952K [0x00000000d5c00000, 0x00000000e3a80000, 0x0000000100000000)
  eden space 189952K, 100% used [0x00000000d5c00000,0x00000000e1580000,0x00000000e1580000)
  from space 14848K, 0% used [0x00000000e2c00000,0x00000000e2c00000,0x00000000e3a80000)
  to   space 18432K, 0% used [0x00000000e1680000,0x00000000e1680000,0x00000000e2880000)
 ParOldGen       total 131072K, used 28776K [0x0000000081400000, 0x0000000089400000, 0x00000000d5c00000)
  object space 131072K, 21% used [0x0000000081400000,0x000000008301a098,0x0000000089400000)
 Metaspace       used 62232K, capacity 64558K, committed 64792K, reserved 1105920K
  class space    used 8298K, capacity 8738K, committed 8744K, reserved 1048576K
Event: 896.734 GC heap after
Heap after GC invocations=14 (full 3):
 PSYoungGen      total 209408K, used 5909K [0x00000000d5c00000, 0x00000000e6000000, 0x0000000100000000)
  eden space 190976K, 0% used [0x00000000d5c00000,0x00000000d5c00000,0x00000000e1680000)
  from space 18432K, 32% used [0x00000000e1680000,0x00000000e1c45520,0x00000000e2880000)
  to   space 17920K, 0% used [0x00000000e4e80000,0x00000000e4e80000,0x00000000e6000000)
 ParOldGen       total 131072K, used 28784K [0x0000000081400000, 0x0000000089400000, 0x00000000d5c00000)
  object space 131072K, 21% used [0x0000000081400000,0x000000008301c098,0x0000000089400000)
 Metaspace       used 62232K, capacity 64558K, committed 64792K, reserved 1105920K
  class space    used 8298K, capacity 8738K, committed 8744K, reserved 1048576K
}

