# JRE version: Java(TM) SE Runtime Environment (8.0_171-b11) (build 1.8.0_171-b11)
# Java VM: Java HotSpot(TM) 64-Bit Server VM (25.171-b11 mixed mode windows-amd64 compressed oops)
Heap:
 PSYoungGen      total 146944K, used 67088K [0x00000000d5c00000, 0x00000000e2a80000, 0x0000000100000000)
  eden space 135680K, 49% used [0x00000000d5c00000,0x00000000d9d841e8,0x00000000de080000)
  from space 11264K, 0% used [0x00000000dee80000,0x00000000dee80000,0x00000000df980000)
  to   space 14336K, 0% used [0x00000000de080000,0x00000000de080000,0x00000000dee80000)
 ParOldGen       total 60928K, used 18673K [0x0000000081400000, 0x0000000084f80000, 0x00000000d5c00000)
  object space 60928K, 30% used [0x0000000081400000,0x000000008263c740,0x0000000084f80000)
 Metaspace       used 41864K, capacity 43416K, committed 43688K, reserved 1087488K
  class space    used 5645K, capacity 5941K, committed 6056K, reserved 1048576K
GC Heap History (10 events):
Event: 4.810 GC heap before
{Heap before GC invocations=6 (full 1):
 PSYoungGen      total 71680K, used 5088K [0x00000000d5c00000, 0x00000000df000000, 0x0000000100000000)
  eden space 66560K, 0% used [0x00000000d5c00000,0x00000000d5c00000,0x00000000d9d00000)
  from space 5120K, 99% used [0x00000000d9d00000,0x00000000da1f8138,0x00000000da200000)
  to   space 9216K, 0% used [0x00000000de700000,0x00000000de700000,0x00000000df000000)
 ParOldGen       total 87552K, used 6234K [0x0000000081400000, 0x0000000086980000, 0x00000000d5c00000)
  object space 87552K, 7% used [0x0000000081400000,0x0000000081a16820,0x0000000086980000)
 Metaspace       used 20707K, capacity 21244K, committed 21296K, reserved 1067008K
  class space    used 2658K, capacity 2826K, committed 2864K, reserved 1048576K
Event: 4.961 GC heap after
Heap after GC invocations=6 (full 1):
 PSYoungGen      total 71680K, used 0K [0x00000000d5c00000, 0x00000000df000000, 0x0000000100000000)
  eden space 66560K, 0% used [0x00000000d5c00000,0x00000000d5c00000,0x00000000d9d00000)
  from space 5120K, 0% used [0x00000000d9d00000,0x00000000d9d00000,0x00000000da200000)
  to   space 9216K, 0% used [0x00000000de700000,0x00000000de700000,0x00000000df000000)
 ParOldGen       total 60928K, used 6600K [0x0000000081400000, 0x0000000084f80000, 0x00000000d5c00000)
  object space 60928K, 10% used [0x0000000081400000,0x0000000081a72130,0x0000000084f80000)
 Metaspace       used 20707K, capacity 21244K, committed 21296K, reserved 1067008K
  class space    used 2658K, capacity 2826K, committed 2864K, reserved 1048576K
}
Event: 6.838 GC heap before
{Heap before GC invocations=7 (full 1):
 PSYoungGen      total 71680K, used 66528K [0x00000000d5c00000, 0x00000000df000000, 0x0000000100000000)
  eden space 66560K, 99% used [0x00000000d5c00000,0x00000000d9cf8160,0x00000000d9d00000)
  from space 5120K, 0% used [0x00000000d9d00000,0x00000000d9d00000,0x00000000da200000)
  to   space 9216K, 0% used [0x00000000de700000,0x00000000de700000,0x00000000df000000)
 ParOldGen       total 60928K, used 6600K [0x0000000081400000, 0x0000000084f80000, 0x00000000d5c00000)
  object space 60928K, 10% used [0x0000000081400000,0x0000000081a72130,0x0000000084f80000)
 Metaspace       used 24254K, capacity 25026K, committed 25136K, reserved 1071104K
  class space    used 3109K, capacity 3318K, committed 3376K, reserved 1048576K
Event: 6.872 GC heap after
Heap after GC invocations=7 (full 1):
 PSYoungGen      total 103424K, used 5127K [0x00000000d5c00000, 0x00000000dec80000, 0x0000000100000000)
  eden space 97792K, 0% used [0x00000000d5c00000,0x00000000d5c00000,0x00000000dbb80000)
  from space 5632K, 91% used [0x00000000de700000,0x00000000dec01d30,0x00000000dec80000)
  to   space 9216K, 0% used [0x00000000dda80000,0x00000000dda80000,0x00000000de380000)
 ParOldGen       total 60928K, used 6608K [0x0000000081400000, 0x0000000084f80000, 0x00000000d5c00000)
  object space 60928K, 10% used [0x0000000081400000,0x0000000081a74130,0x0000000084f80000)
 Metaspace       used 24254K, capacity 25026K, committed 25136K, reserved 1071104K
  class space    used 3109K, capacity 3318K, committed 3376K, reserved 1048576K
}
Event: 13.719 GC heap before
{Heap before GC invocations=8 (full 1):
 PSYoungGen      total 103424K, used 102919K [0x00000000d5c00000, 0x00000000dec80000, 0x0000000100000000)
  eden space 97792K, 100% used [0x00000000d5c00000,0x00000000dbb80000,0x00000000dbb80000)
  from space 5632K, 91% used [0x00000000de700000,0x00000000dec01d30,0x00000000dec80000)
  to   space 9216K, 0% used [0x00000000dda80000,0x00000000dda80000,0x00000000de380000)
 ParOldGen       total 60928K, used 6608K [0x0000000081400000, 0x0000000084f80000, 0x00000000d5c00000)
  object space 60928K, 10% used [0x0000000081400000,0x0000000081a74130,0x0000000084f80000)
 Metaspace       used 30210K, capacity 31708K, committed 31920K, reserved 1077248K
  class space    used 3928K, capacity 4249K, committed 4272K, reserved 1048576K
Event: 13.772 GC heap after
Heap after GC invocations=8 (full 1):
 PSYoungGen      total 138752K, used 9204K [0x00000000d5c00000, 0x00000000df980000, 0x0000000100000000)
  eden space 129536K, 0% used [0x00000000d5c00000,0x00000000d5c00000,0x00000000dda80000)
  from space 9216K, 99% used [0x00000000dda80000,0x00000000de37d160,0x00000000de380000)
  to   space 11264K, 0% used [0x00000000dee80000,0x00000000dee80000,0x00000000df980000)
 ParOldGen       total 60928K, used 8338K [0x0000000081400000, 0x0000000084f80000, 0x00000000d5c00000)
  object space 60928K, 13% used [0x0000000081400000,0x0000000081c248b8,0x0000000084f80000)
 Metaspace       used 30210K, capacity 31708K, committed 31920K, reserved 1077248K
  class space    used 3928K, capacity 4249K, committed 4272K, reserved 1048576K
}
Event: 18.879 GC heap before
{Heap before GC invocations=9 (full 1):
 PSYoungGen      total 138752K, used 117875K [0x00000000d5c00000, 0x00000000df980000, 0x0000000100000000)
  eden space 129536K, 83% used [0x00000000d5c00000,0x00000000dc61fda0,0x00000000dda80000)
  from space 9216K, 99% used [0x00000000dda80000,0x00000000de37d160,0x00000000de380000)
  to   space 11264K, 0% used [0x00000000dee80000,0x00000000dee80000,0x00000000df980000)
 ParOldGen       total 60928K, used 8338K [0x0000000081400000, 0x0000000084f80000, 0x00000000d5c00000)
  object space 60928K, 13% used [0x0000000081400000,0x0000000081c248b8,0x0000000084f80000)
 Metaspace       used 33951K, capacity 35438K, committed 35496K, reserved 1079296K
  class space    used 4397K, capacity 4724K, committed 4776K, reserved 1048576K
Event: 18.986 GC heap after
Heap after GC invocations=9 (full 1):
 PSYoungGen      total 146944K, used 11242K [0x00000000d5c00000, 0x00000000e2a80000, 0x0000000100000000)
  eden space 135680K, 0% used [0x00000000d5c00000,0x00000000d5c00000,0x00000000de080000)
  from space 11264K, 99% used [0x00000000dee80000,0x00000000df97aaa8,0x00000000df980000)
  to   space 14336K, 0% used [0x00000000de080000,0x00000000de080000,0x00000000dee80000)
 ParOldGen       total 60928K, used 11623K [0x0000000081400000, 0x0000000084f80000, 0x00000000d5c00000)
  object space 60928K, 19% used [0x0000000081400000,0x0000000081f59f38,0x0000000084f80000)
 Metaspace       used 33951K, capacity 35438K, committed 35496K, reserved 1079296K
  class space    used 4397K, capacity 4724K, committed 4776K, reserved 1048576K
}
Event: 18.986 GC heap before
{Heap before GC invocations=10 (full 2):
 PSYoungGen      total 146944K, used 11242K [0x00000000d5c00000, 0x00000000e2a80000, 0x0000000100000000)
  eden space 135680K, 0% used [0x00000000d5c00000,0x00000000d5c00000,0x00000000de080000)
  from space 11264K, 99% used [0x00000000dee80000,0x00000000df97aaa8,0x00000000df980000)
  to   space 14336K, 0% used [0x00000000de080000,0x00000000de080000,0x00000000dee80000)
 ParOldGen       total 60928K, used 11623K [0x0000000081400000, 0x0000000084f80000, 0x00000000d5c00000)
  object space 60928K, 19% used [0x0000000081400000,0x0000000081f59f38,0x0000000084f80000)
 Metaspace       used 33951K, capacity 35438K, committed 35496K, reserved 1079296K
  class space    used 4397K, capacity 4724K, committed 4776K, reserved 1048576K
Event: 19.382 GC heap after
Heap after GC invocations=10 (full 2):
 PSYoungGen      total 146944K, used 0K [0x00000000d5c00000, 0x00000000e2a80000, 0x0000000100000000)
  eden space 135680K, 0% used [0x00000000d5c00000,0x00000000d5c00000,0x00000000de080000)
  from space 11264K, 0% used [0x00000000dee80000,0x00000000dee80000,0x00000000df980000)
  to   space 14336K, 0% used [0x00000000de080000,0x00000000de080000,0x00000000dee80000)
 ParOldGen       total 60928K, used 18673K [0x0000000081400000, 0x0000000084f80000, 0x00000000d5c00000)
  object space 60928K, 30% used [0x0000000081400000,0x000000008263c740,0x0000000084f80000)
 Metaspace       used 33951K, capacity 35438K, committed 35496K, reserved 1079296K
  class space    used 4397K, capacity 4724K, committed 4776K, reserved 1048576K
}

