# JRE version: Java(TM) SE Runtime Environment (8.0_171-b11) (build 1.8.0_171-b11)
# Java VM: Java HotSpot(TM) 64-Bit Server VM (25.171-b11 mixed mode windows-amd64 compressed oops)
Heap:
 PSYoungGen      total 215040K, used 42902K [0x00000000d5c00000, 0x00000000e9000000, 0x0000000100000000)
  eden space 202240K, 21% used [0x00000000d5c00000,0x00000000d85e58e8,0x00000000e2180000)
  from space 12800K, 0% used [0x00000000e3480000,0x00000000e3480000,0x00000000e4100000)
  to   space 19456K, 0% used [0x00000000e2180000,0x00000000e2180000,0x00000000e3480000)
 ParOldGen       total 77312K, used 26368K [0x0000000081400000, 0x0000000085f80000, 0x00000000d5c00000)
  object space 77312K, 34% used [0x0000000081400000,0x0000000082dc0020,0x0000000085f80000)
 Metaspace       used 58726K, capacity 60823K, committed 60888K, reserved 1101824K
  class space    used 8005K, capacity 8421K, committed 8448K, reserved 1048576K
GC Heap History (10 events):
Event: 11.370 GC heap before
{Heap before GC invocations=9 (full 1):
 PSYoungGen      total 139264K, used 103344K [0x00000000d5c00000, 0x00000000e4100000, 0x0000000100000000)
  eden space 130560K, 72% used [0x00000000d5c00000,0x00000000db872030,0x00000000ddb80000)
  from space 8704K, 99% used [0x00000000ddb80000,0x00000000de3fa3a8,0x00000000de400000)
  to   space 12800K, 0% used [0x00000000e3480000,0x00000000e3480000,0x00000000e4100000)
 ParOldGen       total 48640K, used 11488K [0x0000000081400000, 0x0000000084380000, 0x00000000d5c00000)
  object space 48640K, 23% used [0x0000000081400000,0x0000000081f383b0,0x0000000084380000)
 Metaspace       used 33850K, capacity 35324K, committed 35416K, reserved 1079296K
  class space    used 4368K, capacity 4689K, committed 4736K, reserved 1048576K
Event: 11.387 GC heap after
Heap after GC invocations=9 (full 1):
 PSYoungGen      total 220160K, used 12770K [0x00000000d5c00000, 0x00000000e5500000, 0x0000000100000000)
  eden space 207360K, 0% used [0x00000000d5c00000,0x00000000d5c00000,0x00000000e2680000)
  from space 12800K, 99% used [0x00000000e3480000,0x00000000e40f8840,0x00000000e4100000)
  to   space 14336K, 0% used [0x00000000e2680000,0x00000000e2680000,0x00000000e3480000)
 ParOldGen       total 48640K, used 11554K [0x0000000081400000, 0x0000000084380000, 0x00000000d5c00000)
  object space 48640K, 23% used [0x0000000081400000,0x0000000081f48b08,0x0000000084380000)
 Metaspace       used 33850K, capacity 35324K, committed 35416K, reserved 1079296K
  class space    used 4368K, capacity 4689K, committed 4736K, reserved 1048576K
}
Event: 11.387 GC heap before
{Heap before GC invocations=10 (full 2):
 PSYoungGen      total 220160K, used 12770K [0x00000000d5c00000, 0x00000000e5500000, 0x0000000100000000)
  eden space 207360K, 0% used [0x00000000d5c00000,0x00000000d5c00000,0x00000000e2680000)
  from space 12800K, 99% used [0x00000000e3480000,0x00000000e40f8840,0x00000000e4100000)
  to   space 14336K, 0% used [0x00000000e2680000,0x00000000e2680000,0x00000000e3480000)
 ParOldGen       total 48640K, used 11554K [0x0000000081400000, 0x0000000084380000, 0x00000000d5c00000)
  object space 48640K, 23% used [0x0000000081400000,0x0000000081f48b08,0x0000000084380000)
 Metaspace       used 33850K, capacity 35324K, committed 35416K, reserved 1079296K
  class space    used 4368K, capacity 4689K, committed 4736K, reserved 1048576K
Event: 11.481 GC heap after
Heap after GC invocations=10 (full 2):
 PSYoungGen      total 220160K, used 0K [0x00000000d5c00000, 0x00000000e5500000, 0x0000000100000000)
  eden space 207360K, 0% used [0x00000000d5c00000,0x00000000d5c00000,0x00000000e2680000)
  from space 12800K, 0% used [0x00000000e3480000,0x00000000e3480000,0x00000000e4100000)
  to   space 14336K, 0% used [0x00000000e2680000,0x00000000e2680000,0x00000000e3480000)
 ParOldGen       total 77312K, used 18871K [0x0000000081400000, 0x0000000085f80000, 0x00000000d5c00000)
  object space 77312K, 24% used [0x0000000081400000,0x000000008266dcb8,0x0000000085f80000)
 Metaspace       used 33850K, capacity 35324K, committed 35416K, reserved 1079296K
  class space    used 4368K, capacity 4689K, committed 4736K, reserved 1048576K
}
Event: 17.857 GC heap before
{Heap before GC invocations=11 (full 2):
 PSYoungGen      total 220160K, used 207360K [0x00000000d5c00000, 0x00000000e5500000, 0x0000000100000000)
  eden space 207360K, 100% used [0x00000000d5c00000,0x00000000e2680000,0x00000000e2680000)
  from space 12800K, 0% used [0x00000000e3480000,0x00000000e3480000,0x00000000e4100000)
  to   space 14336K, 0% used [0x00000000e2680000,0x00000000e2680000,0x00000000e3480000)
 ParOldGen       total 77312K, used 18871K [0x0000000081400000, 0x0000000085f80000, 0x00000000d5c00000)
  object space 77312K, 24% used [0x0000000081400000,0x000000008266dcb8,0x0000000085f80000)
 Metaspace       used 52652K, capacity 54442K, committed 54744K, reserved 1095680K
  class space    used 7220K, capacity 7584K, committed 7680K, reserved 1048576K
Event: 17.900 GC heap after
Heap after GC invocations=11 (full 2):
 PSYoungGen      total 221696K, used 14322K [0x00000000d5c00000, 0x00000000e5500000, 0x0000000100000000)
  eden space 207360K, 0% used [0x00000000d5c00000,0x00000000d5c00000,0x00000000e2680000)
  from space 14336K, 99% used [0x00000000e2680000,0x00000000e347cbb8,0x00000000e3480000)
  to   space 12800K, 0% used [0x00000000e3480000,0x00000000e3480000,0x00000000e4100000)
 ParOldGen       total 77312K, used 26397K [0x0000000081400000, 0x0000000085f80000, 0x00000000d5c00000)
  object space 77312K, 34% used [0x0000000081400000,0x0000000082dc7410,0x0000000085f80000)
 Metaspace       used 52652K, capacity 54442K, committed 54744K, reserved 1095680K
  class space    used 7220K, capacity 7584K, committed 7680K, reserved 1048576K
}
Event: 103.583 GC heap before
{Heap before GC invocations=12 (full 2):
 PSYoungGen      total 221696K, used 109235K [0x00000000d5c00000, 0x00000000e5500000, 0x0000000100000000)
  eden space 207360K, 45% used [0x00000000d5c00000,0x00000000db8b01e8,0x00000000e2680000)
  from space 14336K, 99% used [0x00000000e2680000,0x00000000e347cbb8,0x00000000e3480000)
  to   space 12800K, 0% used [0x00000000e3480000,0x00000000e3480000,0x00000000e4100000)
 ParOldGen       total 77312K, used 26397K [0x0000000081400000, 0x0000000085f80000, 0x00000000d5c00000)
  object space 77312K, 34% used [0x0000000081400000,0x0000000082dc7410,0x0000000085f80000)
 Metaspace       used 56895K, capacity 59027K, committed 59028K, reserved 1099776K
  class space    used 7792K, capacity 8191K, committed 8192K, reserved 1048576K
Event: 103.611 GC heap after
Heap after GC invocations=12 (full 2):
 PSYoungGen      total 215040K, used 12054K [0x00000000d5c00000, 0x00000000e9000000, 0x0000000100000000)
  eden space 202240K, 0% used [0x00000000d5c00000,0x00000000d5c00000,0x00000000e2180000)
  from space 12800K, 94% used [0x00000000e3480000,0x00000000e40458f0,0x00000000e4100000)
  to   space 19456K, 0% used [0x00000000e2180000,0x00000000e2180000,0x00000000e3480000)
 ParOldGen       total 77312K, used 26405K [0x0000000081400000, 0x0000000085f80000, 0x00000000d5c00000)
  object space 77312K, 34% used [0x0000000081400000,0x0000000082dc9410,0x0000000085f80000)
 Metaspace       used 56895K, capacity 59027K, committed 59028K, reserved 1099776K
  class space    used 7792K, capacity 8191K, committed 8192K, reserved 1048576K
}
Event: 103.611 GC heap before
{Heap before GC invocations=13 (full 3):
 PSYoungGen      total 215040K, used 12054K [0x00000000d5c00000, 0x00000000e9000000, 0x0000000100000000)
  eden space 202240K, 0% used [0x00000000d5c00000,0x00000000d5c00000,0x00000000e2180000)
  from space 12800K, 94% used [0x00000000e3480000,0x00000000e40458f0,0x00000000e4100000)
  to   space 19456K, 0% used [0x00000000e2180000,0x00000000e2180000,0x00000000e3480000)
 ParOldGen       total 77312K, used 26405K [0x0000000081400000, 0x0000000085f80000, 0x00000000d5c00000)
  object space 77312K, 34% used [0x0000000081400000,0x0000000082dc9410,0x0000000085f80000)
 Metaspace       used 56895K, capacity 59027K, committed 59028K, reserved 1099776K
  class space    used 7792K, capacity 8191K, committed 8192K, reserved 1048576K
Event: 104.002 GC heap after
Heap after GC invocations=13 (full 3):
 PSYoungGen      total 215040K, used 0K [0x00000000d5c00000, 0x00000000e9000000, 0x0000000100000000)
  eden space 202240K, 0% used [0x00000000d5c00000,0x00000000d5c00000,0x00000000e2180000)
  from space 12800K, 0% used [0x00000000e3480000,0x00000000e3480000,0x00000000e4100000)
  to   space 19456K, 0% used [0x00000000e2180000,0x00000000e2180000,0x00000000e3480000)
 ParOldGen       total 77312K, used 26368K [0x0000000081400000, 0x0000000085f80000, 0x00000000d5c00000)
  object space 77312K, 34% used [0x0000000081400000,0x0000000082dc0020,0x0000000085f80000)
 Metaspace       used 56880K, capacity 59003K, committed 59028K, reserved 1099776K
  class space    used 7790K, capacity 8187K, committed 8192K, reserved 1048576K
}

