# JRE version: Java(TM) SE Runtime Environment (8.0_171-b11) (build 1.8.0_171-b11)
# Java VM: Java HotSpot(TM) 64-Bit Server VM (25.171-b11 mixed mode windows-amd64 compressed oops)
Heap:
 PSYoungGen      total 198144K, used 10557K [0x00000000d5c00000, 0x00000000e3380000, 0x0000000100000000)
  eden space 183808K, 5% used [0x00000000d5c00000,0x00000000d664f700,0x00000000e0f80000)
  from space 14336K, 0% used [0x00000000e2580000,0x00000000e2580000,0x00000000e3380000)
  to   space 17920K, 0% used [0x00000000e1080000,0x00000000e1080000,0x00000000e2200000)
 ParOldGen       total 132096K, used 27902K [0x0000000081400000, 0x0000000089500000, 0x00000000d5c00000)
  object space 132096K, 21% used [0x0000000081400000,0x0000000082f3f940,0x0000000089500000)
 Metaspace       used 57419K, capacity 59474K, committed 59736K, reserved 1101824K
  class space    used 7880K, capacity 8270K, committed 8320K, reserved 1048576K
GC Heap History (10 events):
Event: 19.045 GC heap before
{Heap before GC invocations=9 (full 1):
 PSYoungGen      total 139776K, used 119398K [0x00000000d5c00000, 0x00000000e0800000, 0x0000000100000000)
  eden space 131584K, 84% used [0x00000000d5c00000,0x00000000dc8a0538,0x00000000ddc80000)
  from space 8192K, 99% used [0x00000000ddc80000,0x00000000de479548,0x00000000de480000)
  to   space 10240K, 0% used [0x00000000dfe00000,0x00000000dfe00000,0x00000000e0800000)
 ParOldGen       total 56320K, used 7898K [0x0000000081400000, 0x0000000084b00000, 0x00000000d5c00000)
  object space 56320K, 14% used [0x0000000081400000,0x0000000081bb6b90,0x0000000084b00000)
 Metaspace       used 33844K, capacity 35338K, committed 35416K, reserved 1079296K
  class space    used 4380K, capacity 4692K, committed 4736K, reserved 1048576K
Event: 19.078 GC heap after
Heap after GC invocations=9 (full 1):
 PSYoungGen      total 162304K, used 10224K [0x00000000d5c00000, 0x00000000e3200000, 0x0000000100000000)
  eden space 152064K, 0% used [0x00000000d5c00000,0x00000000d5c00000,0x00000000df080000)
  from space 10240K, 99% used [0x00000000dfe00000,0x00000000e07fc180,0x00000000e0800000)
  to   space 13824K, 0% used [0x00000000df080000,0x00000000df080000,0x00000000dfe00000)
 ParOldGen       total 56320K, used 12434K [0x0000000081400000, 0x0000000084b00000, 0x00000000d5c00000)
  object space 56320K, 22% used [0x0000000081400000,0x0000000082024be8,0x0000000084b00000)
 Metaspace       used 33844K, capacity 35338K, committed 35416K, reserved 1079296K
  class space    used 4380K, capacity 4692K, committed 4736K, reserved 1048576K
}
Event: 19.079 GC heap before
{Heap before GC invocations=10 (full 2):
 PSYoungGen      total 162304K, used 10224K [0x00000000d5c00000, 0x00000000e3200000, 0x0000000100000000)
  eden space 152064K, 0% used [0x00000000d5c00000,0x00000000d5c00000,0x00000000df080000)
  from space 10240K, 99% used [0x00000000dfe00000,0x00000000e07fc180,0x00000000e0800000)
  to   space 13824K, 0% used [0x00000000df080000,0x00000000df080000,0x00000000dfe00000)
 ParOldGen       total 56320K, used 12434K [0x0000000081400000, 0x0000000084b00000, 0x00000000d5c00000)
  object space 56320K, 22% used [0x0000000081400000,0x0000000082024be8,0x0000000084b00000)
 Metaspace       used 33844K, capacity 35338K, committed 35416K, reserved 1079296K
  class space    used 4380K, capacity 4692K, committed 4736K, reserved 1048576K
Event: 19.325 GC heap after
Heap after GC invocations=10 (full 2):
 PSYoungGen      total 162304K, used 0K [0x00000000d5c00000, 0x00000000e3200000, 0x0000000100000000)
  eden space 152064K, 0% used [0x00000000d5c00000,0x00000000d5c00000,0x00000000df080000)
  from space 10240K, 0% used [0x00000000dfe00000,0x00000000dfe00000,0x00000000e0800000)
  to   space 13824K, 0% used [0x00000000df080000,0x00000000df080000,0x00000000dfe00000)
 ParOldGen       total 96768K, used 18723K [0x0000000081400000, 0x0000000087280000, 0x00000000d5c00000)
  object space 96768K, 19% used [0x0000000081400000,0x0000000082648cb8,0x0000000087280000)
 Metaspace       used 33844K, capacity 35338K, committed 35416K, reserved 1079296K
  class space    used 4380K, capacity 4692K, committed 4736K, reserved 1048576K
}
Event: 36.792 GC heap before
{Heap before GC invocations=11 (full 2):
 PSYoungGen      total 162304K, used 152064K [0x00000000d5c00000, 0x00000000e3200000, 0x0000000100000000)
  eden space 152064K, 100% used [0x00000000d5c00000,0x00000000df080000,0x00000000df080000)
  from space 10240K, 0% used [0x00000000dfe00000,0x00000000dfe00000,0x00000000e0800000)
  to   space 13824K, 0% used [0x00000000df080000,0x00000000df080000,0x00000000dfe00000)
 ParOldGen       total 96768K, used 18723K [0x0000000081400000, 0x0000000087280000, 0x00000000d5c00000)
  object space 96768K, 19% used [0x0000000081400000,0x0000000082648cb8,0x0000000087280000)
 Metaspace       used 49385K, capacity 51024K, committed 51416K, reserved 1093632K
  class space    used 6808K, capacity 7133K, committed 7168K, reserved 1048576K
Event: 36.832 GC heap after
Heap after GC invocations=11 (full 2):
 PSYoungGen      total 165888K, used 13805K [0x00000000d5c00000, 0x00000000e3600000, 0x0000000100000000)
  eden space 152064K, 0% used [0x00000000d5c00000,0x00000000d5c00000,0x00000000df080000)
  from space 13824K, 99% used [0x00000000df080000,0x00000000dfdfb520,0x00000000dfe00000)
  to   space 16896K, 0% used [0x00000000e2580000,0x00000000e2580000,0x00000000e3600000)
 ParOldGen       total 96768K, used 22074K [0x0000000081400000, 0x0000000087280000, 0x00000000d5c00000)
  object space 96768K, 22% used [0x0000000081400000,0x000000008298e808,0x0000000087280000)
 Metaspace       used 49385K, capacity 51024K, committed 51416K, reserved 1093632K
  class space    used 6808K, capacity 7133K, committed 7168K, reserved 1048576K
}
Event: 270.474 GC heap before
{Heap before GC invocations=12 (full 2):
 PSYoungGen      total 165888K, used 132697K [0x00000000d5c00000, 0x00000000e3600000, 0x0000000100000000)
  eden space 152064K, 78% used [0x00000000d5c00000,0x00000000dd01b070,0x00000000df080000)
  from space 13824K, 99% used [0x00000000df080000,0x00000000dfdfb520,0x00000000dfe00000)
  to   space 16896K, 0% used [0x00000000e2580000,0x00000000e2580000,0x00000000e3600000)
 ParOldGen       total 96768K, used 22074K [0x0000000081400000, 0x0000000087280000, 0x00000000d5c00000)
  object space 96768K, 22% used [0x0000000081400000,0x000000008298e808,0x0000000087280000)
 Metaspace       used 56723K, capacity 58794K, committed 59028K, reserved 1099776K
  class space    used 7792K, capacity 8172K, committed 8192K, reserved 1048576K
Event: 270.713 GC heap after
Heap after GC invocations=12 (full 2):
 PSYoungGen      total 198144K, used 13850K [0x00000000d5c00000, 0x00000000e3380000, 0x0000000100000000)
  eden space 183808K, 0% used [0x00000000d5c00000,0x00000000d5c00000,0x00000000e0f80000)
  from space 14336K, 96% used [0x00000000e2580000,0x00000000e3306a00,0x00000000e3380000)
  to   space 17920K, 0% used [0x00000000e1080000,0x00000000e1080000,0x00000000e2200000)
 ParOldGen       total 96768K, used 22082K [0x0000000081400000, 0x0000000087280000, 0x00000000d5c00000)
  object space 96768K, 22% used [0x0000000081400000,0x0000000082990808,0x0000000087280000)
 Metaspace       used 56723K, capacity 58794K, committed 59028K, reserved 1099776K
  class space    used 7792K, capacity 8172K, committed 8192K, reserved 1048576K
}
Event: 270.713 GC heap before
{Heap before GC invocations=13 (full 3):
 PSYoungGen      total 198144K, used 13850K [0x00000000d5c00000, 0x00000000e3380000, 0x0000000100000000)
  eden space 183808K, 0% used [0x00000000d5c00000,0x00000000d5c00000,0x00000000e0f80000)
  from space 14336K, 96% used [0x00000000e2580000,0x00000000e3306a00,0x00000000e3380000)
  to   space 17920K, 0% used [0x00000000e1080000,0x00000000e1080000,0x00000000e2200000)
 ParOldGen       total 96768K, used 22082K [0x0000000081400000, 0x0000000087280000, 0x00000000d5c00000)
  object space 96768K, 22% used [0x0000000081400000,0x0000000082990808,0x0000000087280000)
 Metaspace       used 56723K, capacity 58794K, committed 59028K, reserved 1099776K
  class space    used 7792K, capacity 8172K, committed 8192K, reserved 1048576K
Event: 271.693 GC heap after
Heap after GC invocations=13 (full 3):
 PSYoungGen      total 198144K, used 0K [0x00000000d5c00000, 0x00000000e3380000, 0x0000000100000000)
  eden space 183808K, 0% used [0x00000000d5c00000,0x00000000d5c00000,0x00000000e0f80000)
  from space 14336K, 0% used [0x00000000e2580000,0x00000000e2580000,0x00000000e3380000)
  to   space 17920K, 0% used [0x00000000e1080000,0x00000000e1080000,0x00000000e2200000)
 ParOldGen       total 132096K, used 27902K [0x0000000081400000, 0x0000000089500000, 0x00000000d5c00000)
  object space 132096K, 21% used [0x0000000081400000,0x0000000082f3f940,0x0000000089500000)
 Metaspace       used 56719K, capacity 58788K, committed 59028K, reserved 1099776K
  class space    used 7791K, capacity 8171K, committed 8192K, reserved 1048576K
}

