# JRE version: Java(TM) SE Runtime Environment (8.0_171-b11) (build 1.8.0_171-b11)
# Java VM: Java HotSpot(TM) 64-Bit Server VM (25.171-b11 mixed mode windows-amd64 compressed oops)
Heap:
 PSYoungGen      total 579584K, used 161523K [0x00000000d5c00000, 0x00000000fab00000, 0x0000000100000000)
  eden space 571392K, 28% used [0x00000000d5c00000,0x00000000df9bcf90,0x00000000f8a00000)
  from space 8192K, 0% used [0x00000000f8a00000,0x00000000f8a00000,0x00000000f9200000)
  to   space 16896K, 0% used [0x00000000f9a80000,0x00000000f9a80000,0x00000000fab00000)
 ParOldGen       total 123904K, used 24952K [0x0000000081400000, 0x0000000088d00000, 0x00000000d5c00000)
  object space 123904K, 20% used [0x0000000081400000,0x0000000082c5e178,0x0000000088d00000)
 Metaspace       used 69496K, capacity 72270K, committed 72536K, reserved 1112064K
  class space    used 8977K, capacity 9511K, committed 9600K, reserved 1048576K
GC Heap History (10 events):
Event: 21760.657 GC heap before
{Heap before GC invocations=23 (full 6):
 PSYoungGen      total 519168K, used 518854K [0x00000000d5c00000, 0x00000000f7680000, 0x0000000100000000)
  eden space 507392K, 100% used [0x00000000d5c00000,0x00000000f4b80000,0x00000000f4b80000)
  from space 11776K, 97% used [0x00000000f6b00000,0x00000000f7631b10,0x00000000f7680000)
  to   space 18432K, 0% used [0x00000000f5280000,0x00000000f5280000,0x00000000f6480000)
 ParOldGen       total 123904K, used 24018K [0x0000000081400000, 0x0000000088d00000, 0x00000000d5c00000)
  object space 123904K, 19% used [0x0000000081400000,0x0000000082b74a60,0x0000000088d00000)
 Metaspace       used 68442K, capacity 71202K, committed 71384K, reserved 1112064K
  class space    used 8902K, capacity 9435K, committed 9472K, reserved 1048576K
Event: 21761.085 GC heap after
Heap after GC invocations=23 (full 6):
 PSYoungGen      total 532992K, used 10226K [0x00000000d5c00000, 0x00000000fac00000, 0x0000000100000000)
  eden space 514560K, 0% used [0x00000000d5c00000,0x00000000d5c00000,0x00000000f5280000)
  from space 18432K, 55% used [0x00000000f5280000,0x00000000f5c7c818,0x00000000f6480000)
  to   space 17408K, 0% used [0x00000000f9b00000,0x00000000f9b00000,0x00000000fac00000)
 ParOldGen       total 123904K, used 24026K [0x0000000081400000, 0x0000000088d00000, 0x00000000d5c00000)
  object space 123904K, 19% used [0x0000000081400000,0x0000000082b76a60,0x0000000088d00000)
 Metaspace       used 68442K, capacity 71202K, committed 71384K, reserved 1112064K
  class space    used 8902K, capacity 9435K, committed 9472K, reserved 1048576K
}
Event: 23028.504 GC heap before
{Heap before GC invocations=24 (full 6):
 PSYoungGen      total 532992K, used 164300K [0x00000000d5c00000, 0x00000000fac00000, 0x0000000100000000)
  eden space 514560K, 29% used [0x00000000d5c00000,0x00000000df276ad8,0x00000000f5280000)
  from space 18432K, 55% used [0x00000000f5280000,0x00000000f5c7c818,0x00000000f6480000)
  to   space 17408K, 0% used [0x00000000f9b00000,0x00000000f9b00000,0x00000000fac00000)
 ParOldGen       total 123904K, used 24026K [0x0000000081400000, 0x0000000088d00000, 0x00000000d5c00000)
  object space 123904K, 19% used [0x0000000081400000,0x0000000082b76a60,0x0000000088d00000)
 Metaspace       used 68509K, capacity 71284K, committed 71384K, reserved 1112064K
  class space    used 8904K, capacity 9439K, committed 9472K, reserved 1048576K
Event: 23028.528 GC heap after
Heap after GC invocations=24 (full 6):
 PSYoungGen      total 588800K, used 5520K [0x00000000d5c00000, 0x00000000fac00000, 0x0000000100000000)
  eden space 571392K, 0% used [0x00000000d5c00000,0x00000000d5c00000,0x00000000f8a00000)
  from space 17408K, 31% used [0x00000000f9b00000,0x00000000fa0640e0,0x00000000fac00000)
  to   space 17408K, 0% used [0x00000000f8a00000,0x00000000f8a00000,0x00000000f9b00000)
 ParOldGen       total 123904K, used 24034K [0x0000000081400000, 0x0000000088d00000, 0x00000000d5c00000)
  object space 123904K, 19% used [0x0000000081400000,0x0000000082b78a60,0x0000000088d00000)
 Metaspace       used 68509K, capacity 71284K, committed 71384K, reserved 1112064K
  class space    used 8904K, capacity 9439K, committed 9472K, reserved 1048576K
}
Event: 23028.528 GC heap before
{Heap before GC invocations=25 (full 7):
 PSYoungGen      total 588800K, used 5520K [0x00000000d5c00000, 0x00000000fac00000, 0x0000000100000000)
  eden space 571392K, 0% used [0x00000000d5c00000,0x00000000d5c00000,0x00000000f8a00000)
  from space 17408K, 31% used [0x00000000f9b00000,0x00000000fa0640e0,0x00000000fac00000)
  to   space 17408K, 0% used [0x00000000f8a00000,0x00000000f8a00000,0x00000000f9b00000)
 ParOldGen       total 123904K, used 24034K [0x0000000081400000, 0x0000000088d00000, 0x00000000d5c00000)
  object space 123904K, 19% used [0x0000000081400000,0x0000000082b78a60,0x0000000088d00000)
 Metaspace       used 68509K, capacity 71284K, committed 71384K, reserved 1112064K
  class space    used 8904K, capacity 9439K, committed 9472K, reserved 1048576K
Event: 23031.283 GC heap after
Heap after GC invocations=25 (full 7):
 PSYoungGen      total 588800K, used 0K [0x00000000d5c00000, 0x00000000fac00000, 0x0000000100000000)
  eden space 571392K, 0% used [0x00000000d5c00000,0x00000000d5c00000,0x00000000f8a00000)
  from space 17408K, 0% used [0x00000000f9b00000,0x00000000f9b00000,0x00000000fac00000)
  to   space 17408K, 0% used [0x00000000f8a00000,0x00000000f8a00000,0x00000000f9b00000)
 ParOldGen       total 123904K, used 22566K [0x0000000081400000, 0x0000000088d00000, 0x00000000d5c00000)
  object space 123904K, 18% used [0x0000000081400000,0x0000000082a09920,0x0000000088d00000)
 Metaspace       used 68341K, capacity 70918K, committed 71384K, reserved 1112064K
  class space    used 8870K, capacity 9377K, committed 9472K, reserved 1048576K
}
Event: 23039.412 GC heap before
{Heap before GC invocations=26 (full 7):
 PSYoungGen      total 588800K, used 166510K [0x00000000d5c00000, 0x00000000fac00000, 0x0000000100000000)
  eden space 571392K, 29% used [0x00000000d5c00000,0x00000000dfe9b9d0,0x00000000f8a00000)
  from space 17408K, 0% used [0x00000000f9b00000,0x00000000f9b00000,0x00000000fac00000)
  to   space 17408K, 0% used [0x00000000f8a00000,0x00000000f8a00000,0x00000000f9b00000)
 ParOldGen       total 123904K, used 22566K [0x0000000081400000, 0x0000000088d00000, 0x00000000d5c00000)
  object space 123904K, 18% used [0x0000000081400000,0x0000000082a09920,0x0000000088d00000)
 Metaspace       used 69034K, capacity 71788K, committed 72024K, reserved 1112064K
  class space    used 8936K, capacity 9467K, committed 9600K, reserved 1048576K
Event: 23039.436 GC heap after
Heap after GC invocations=26 (full 7):
 PSYoungGen      total 579584K, used 7986K [0x00000000d5c00000, 0x00000000fab00000, 0x0000000100000000)
  eden space 571392K, 0% used [0x00000000d5c00000,0x00000000d5c00000,0x00000000f8a00000)
  from space 8192K, 97% used [0x00000000f8a00000,0x00000000f91ccae8,0x00000000f9200000)
  to   space 16896K, 0% used [0x00000000f9a80000,0x00000000f9a80000,0x00000000fab00000)
 ParOldGen       total 123904K, used 22574K [0x0000000081400000, 0x0000000088d00000, 0x00000000d5c00000)
  object space 123904K, 18% used [0x0000000081400000,0x0000000082a0b920,0x0000000088d00000)
 Metaspace       used 69034K, capacity 71788K, committed 72024K, reserved 1112064K
  class space    used 8936K, capacity 9467K, committed 9600K, reserved 1048576K
}
Event: 23039.436 GC heap before
{Heap before GC invocations=27 (full 8):
 PSYoungGen      total 579584K, used 7986K [0x00000000d5c00000, 0x00000000fab00000, 0x0000000100000000)
  eden space 571392K, 0% used [0x00000000d5c00000,0x00000000d5c00000,0x00000000f8a00000)
  from space 8192K, 97% used [0x00000000f8a00000,0x00000000f91ccae8,0x00000000f9200000)
  to   space 16896K, 0% used [0x00000000f9a80000,0x00000000f9a80000,0x00000000fab00000)
 ParOldGen       total 123904K, used 22574K [0x0000000081400000, 0x0000000088d00000, 0x00000000d5c00000)
  object space 123904K, 18% used [0x0000000081400000,0x0000000082a0b920,0x0000000088d00000)
 Metaspace       used 69034K, capacity 71788K, committed 72024K, reserved 1112064K
  class space    used 8936K, capacity 9467K, committed 9600K, reserved 1048576K
Event: 23039.755 GC heap after
Heap after GC invocations=27 (full 8):
 PSYoungGen      total 579584K, used 0K [0x00000000d5c00000, 0x00000000fab00000, 0x0000000100000000)
  eden space 571392K, 0% used [0x00000000d5c00000,0x00000000d5c00000,0x00000000f8a00000)
  from space 8192K, 0% used [0x00000000f8a00000,0x00000000f8a00000,0x00000000f9200000)
  to   space 16896K, 0% used [0x00000000f9a80000,0x00000000f9a80000,0x00000000fab00000)
 ParOldGen       total 123904K, used 24952K [0x0000000081400000, 0x0000000088d00000, 0x00000000d5c00000)
  object space 123904K, 20% used [0x0000000081400000,0x0000000082c5e178,0x0000000088d00000)
 Metaspace       used 68977K, capacity 71680K, committed 72024K, reserved 1112064K
  class space    used 8926K, capacity 9448K, committed 9600K, reserved 1048576K
}

